Using pre-set license
Built from '2020.3/staging' branch; Version is '2020.3.22f1 (e1a7f79fd887) revision 14788599'; Using compiler version '192528614'; Build Type 'Release'
OS: 'Windows 10 Home; OS build 19044.2251; Version 2009; 64bit' Language: 'en' Physical Memory: 8058 MB
BatchMode: 1, IsHumanControllingUs: 0, StartBugReporterOnCrash: 0, Is64bit: 1, IsPro: 0

COMMAND LINE ARGUMENTS:
D:\Unity\Hub\Editor\2020.3.22f1\Editor\Unity.exe
-adb2
-batchMode
-noUpm
-name
AssetImportWorker0
-projectPath
D:/Games/Simple
-logFile
Logs/AssetImportWorker0.log
-srvPort
54515
Successfully changed project path to: D:/Games/Simple
D:/Games/Simple
Using Asset Import Pipeline V2.
Refreshing native plugins compatible for Editor in 177.57 ms, found 3 plugins.
Preloading 0 native plugins for Editor in 0.00 ms.
Initialize engine version: 2020.3.22f1 (e1a7f79fd887)
[Subsystems] Discovering subsystems at path D:/Unity/Hub/Editor/2020.3.22f1/Editor/Data/Resources/UnitySubsystems
[Subsystems] Discovering subsystems at path D:/Games/Simple/Assets
GfxDevice: creating device client; threaded=0
Direct3D:
    Version:  Direct3D 11.0 [level 11.0]
    Renderer: NVIDIA GeForce GTX 960M (ID=0x139b)
    Vendor:   
    VRAM:     4055 MB
    Driver:   23.21.13.9125
Initialize mono
Mono path[0] = 'D:/Unity/Hub/Editor/2020.3.22f1/Editor/Data/Managed'
Mono path[1] = 'D:/Unity/Hub/Editor/2020.3.22f1/Editor/Data/MonoBleedingEdge/lib/mono/unityjit'
Mono config path = 'D:/Unity/Hub/Editor/2020.3.22f1/Editor/Data/MonoBleedingEdge/etc'
Using monoOptions --debugger-agent=transport=dt_socket,embedding=1,server=y,suspend=n,address=127.0.0.1:56716
Begin MonoManager ReloadAssembly
Registering precompiled unity dll's ...
Register platform support module: D:/Unity/Hub/Editor/2020.3.22f1/Editor/Data/PlaybackEngines/WindowsStandaloneSupport/UnityEditor.WindowsStandalone.Extensions.dll
Registered in 0.003505 seconds.
Native extension for WindowsStandalone target not found
Refreshing native plugins compatible for Editor in 106.25 ms, found 3 plugins.
Preloading 0 native plugins for Editor in 0.00 ms.
Mono: successfully reloaded assembly
- Completed reload, in  3.909 seconds
Domain Reload Profiling:
	ReloadAssembly (3910ms)
		BeginReloadAssembly (206ms)
			ExecutionOrderSort (0ms)
			DisableScriptedObjects (0ms)
			BackupInstance (0ms)
			ReleaseScriptingObjects (0ms)
			CreateAndSetChildDomain (2ms)
		EndReloadAssembly (1191ms)
			LoadAssemblies (204ms)
			RebuildTransferFunctionScriptingTraits (0ms)
			SetupTypeCache (454ms)
			ReleaseScriptCaches (0ms)
			RebuildScriptCaches (67ms)
			SetupLoadedEditorAssemblies (411ms)
				LogAssemblyErrors (0ms)
				InitializePlatformSupportModulesInManaged (7ms)
				SetLoadedEditorAssemblies (0ms)
				RefreshPlugins (106ms)
				BeforeProcessingInitializeOnLoad (26ms)
				ProcessInitializeOnLoadAttributes (210ms)
				ProcessInitializeOnLoadMethodAttributes (60ms)
				AfterProcessingInitializeOnLoad (0ms)
				EditorAssembliesLoaded (0ms)
			ExecutionOrderSort2 (0ms)
			AwakeInstancesAfterBackupRestoration (0ms)
Platform modules already initialized, skipping
Registering precompiled user dll's ...
Registered in 0.008635 seconds.
Begin MonoManager ReloadAssembly
Native extension for WindowsStandalone target not found
Refreshing native plugins compatible for Editor in 158.75 ms, found 3 plugins.
Preloading 0 native plugins for Editor in 0.00 ms.
Mono: successfully reloaded assembly
- Completed reload, in  3.793 seconds
Domain Reload Profiling:
	ReloadAssembly (3795ms)
		BeginReloadAssembly (449ms)
			ExecutionOrderSort (0ms)
			DisableScriptedObjects (9ms)
			BackupInstance (0ms)
			ReleaseScriptingObjects (0ms)
			CreateAndSetChildDomain (31ms)
		EndReloadAssembly (3082ms)
			LoadAssemblies (409ms)
			RebuildTransferFunctionScriptingTraits (0ms)
			SetupTypeCache (992ms)
			ReleaseScriptCaches (2ms)
			RebuildScriptCaches (261ms)
			SetupLoadedEditorAssemblies (1006ms)
				LogAssemblyErrors (0ms)
				InitializePlatformSupportModulesInManaged (6ms)
				SetLoadedEditorAssemblies (0ms)
				RefreshPlugins (159ms)
				BeforeProcessingInitializeOnLoad (262ms)
				ProcessInitializeOnLoadAttributes (548ms)
				ProcessInitializeOnLoadMethodAttributes (28ms)
				AfterProcessingInitializeOnLoad (4ms)
				EditorAssembliesLoaded (0ms)
			ExecutionOrderSort2 (0ms)
			AwakeInstancesAfterBackupRestoration (11ms)
Platform modules already initialized, skipping
========================================================================
Worker process is ready to serve import requests
Launched and connected shader compiler UnityShaderCompiler.exe after 0.13 seconds
Refreshing native plugins compatible for Editor in 1.05 ms, found 3 plugins.
Preloading 0 native plugins for Editor in 0.00 ms.
Unloading 3456 Unused Serialized files (Serialized files now loaded: 0)
System memory in use before: 150.5 MB.
System memory in use after: 150.8 MB.

Unloading 30 unused Assets to reduce memory usage. Loaded Objects now: 3903.
Total: 8.782600 ms (FindLiveObjects: 0.646500 ms CreateObjectMapping: 0.419700 ms MarkObjects: 7.479800 ms  DeleteObjects: 0.233400 ms)

AssetImportParameters requested are different than current active one (requested -> active):
  custom:framework-win-MediaFoundation: 216162199b28c13a410421893ffa2e32 -> 
  custom:video-decoder-ogg-theora: a1e56fd34408186e4bbccfd4996cb3dc -> 
  custom:container-muxer-webm: aa71ff27fc2769a1b78a27578f13a17b -> 
  custom:container-demuxer-webm: 4f35f7cbe854078d1ac9338744f61a02 -> 
  custom:container-demuxer-ogg: 62fdf1f143b41e24485cea50d1cbac27 -> 
  custom:video-encoder-webm-vp8: eb34c28f22e8b96e1ab97ce403110664 -> 
  custom:video-decoder-webm-vp8: 9c59270c3fd7afecdb556c50c9e8de78 -> 
  custom:audio-decoder-ogg-vorbis: bf7c407c2cedff20999df2af8eb42d56 -> 
  custom:audio-encoder-webm-vorbis: bf7c407c2cedff20999df2af8eb42d56 -> 
========================================================================
Received Import Request.
  path: Assets/Prefabs/LazeBeam.prefab
  artifactKey: Guid(353d4516bfc29414f83ff08999cbf371) Importer(815301076,1909f56bfc062723c751e8b465ee728b)
Start importing Assets/Prefabs/LazeBeam.prefab using Guid(353d4516bfc29414f83ff08999cbf371) Importer(815301076,1909f56bfc062723c751e8b465ee728b)  -> (artifact id: '12784e0770b59a960e6ef367bd842ad5') in 0.319231 seconds 
  Import took 0.346327 seconds .

========================================================================
Received Import Request.
  Time since last request: 0.000535 seconds.
  path: Assets/Prefabs/Player.prefab
  artifactKey: Guid(badfdbcdcad4c8d40b5449d07b5d9022) Importer(815301076,1909f56bfc062723c751e8b465ee728b)
Start importing Assets/Prefabs/Player.prefab using Guid(badfdbcdcad4c8d40b5449d07b5d9022) Importer(815301076,1909f56bfc062723c751e8b465ee728b)  -> (artifact id: 'df9db802786871384100c5a7082d2018') in 0.123960 seconds 
  Import took 0.157034 seconds .

========================================================================
Received Import Request.
  Time since last request: 0.000476 seconds.
  path: Assets/Prefabs/Dart.prefab
  artifactKey: Guid(014fb203de582cd43912d67cc30e35c2) Importer(815301076,1909f56bfc062723c751e8b465ee728b)
Start importing Assets/Prefabs/Dart.prefab using Guid(014fb203de582cd43912d67cc30e35c2) Importer(815301076,1909f56bfc062723c751e8b465ee728b)  -> (artifact id: '8674db88c6512a0723229075ab86e235') in 0.052003 seconds 
  Import took 0.073324 seconds .

========================================================================
Received Import Request.
  Time since last request: 0.000500 seconds.
  path: Assets/Prefabs/Drop Item.prefab
  artifactKey: Guid(b8321362567ea75438b0e8d7510c242c) Importer(815301076,1909f56bfc062723c751e8b465ee728b)
Start importing Assets/Prefabs/Drop Item.prefab using Guid(b8321362567ea75438b0e8d7510c242c) Importer(815301076,1909f56bfc062723c751e8b465ee728b)  -> (artifact id: '6580f96baefed109df623e84ddcab46d') in 0.027522 seconds 
  Import took 0.042209 seconds .

========================================================================
Received Import Request.
  Time since last request: 0.000601 seconds.
  path: Assets/Prefabs/FX001_01.prefab
  artifactKey: Guid(8bdc4ce1f155c124aada58d65985502d) Importer(815301076,1909f56bfc062723c751e8b465ee728b)
Start importing Assets/Prefabs/FX001_01.prefab using Guid(8bdc4ce1f155c124aada58d65985502d) Importer(815301076,1909f56bfc062723c751e8b465ee728b)  -> (artifact id: 'df8a7f951910f191b04488f859ad6ceb') in 0.043742 seconds 
  Import took 0.057075 seconds .

========================================================================
Received Import Request.
  Time since last request: 0.000523 seconds.
  path: Assets/Prefabs/FX002_01.prefab
  artifactKey: Guid(76a3a63d13e962941b02fc2f58811e42) Importer(815301076,1909f56bfc062723c751e8b465ee728b)
Start importing Assets/Prefabs/FX002_01.prefab using Guid(76a3a63d13e962941b02fc2f58811e42) Importer(815301076,1909f56bfc062723c751e8b465ee728b)  -> (artifact id: '4e84aac3d61f8537cc13de479302a313') in 0.081123 seconds 
  Import took 0.113958 seconds .

========================================================================
Received Import Request.
  Time since last request: 0.000553 seconds.
  path: Assets/Prefabs/AttackEff.prefab
  artifactKey: Guid(0fcc76d79b5bc1e43aae25f6742877c3) Importer(815301076,1909f56bfc062723c751e8b465ee728b)
Start importing Assets/Prefabs/AttackEff.prefab using Guid(0fcc76d79b5bc1e43aae25f6742877c3) Importer(815301076,1909f56bfc062723c751e8b465ee728b)  -> (artifact id: '2f435f7fb6ee6ccb61032e1f35229aa9') in 0.021758 seconds 
  Import took 0.035444 seconds .

========================================================================
Received Import Request.
  Time since last request: 0.000522 seconds.
  path: Assets/Prefabs/FX001_01 1.prefab
  artifactKey: Guid(37843658a0aa91e499dd9c05a323e3a5) Importer(815301076,1909f56bfc062723c751e8b465ee728b)
Start importing Assets/Prefabs/FX001_01 1.prefab using Guid(37843658a0aa91e499dd9c05a323e3a5) Importer(815301076,1909f56bfc062723c751e8b465ee728b)  -> (artifact id: '2a3e259e4e24797e399a3ac2317ece6f') in 0.034564 seconds 
  Import took 0.055518 seconds .

========================================================================
Received Import Request.
  Time since last request: 0.000511 seconds.
  path: Assets/Prefabs/Laze 1.prefab
  artifactKey: Guid(fdc6bd831cf63374b82bd1025388f45f) Importer(815301076,1909f56bfc062723c751e8b465ee728b)
Start importing Assets/Prefabs/Laze 1.prefab using Guid(fdc6bd831cf63374b82bd1025388f45f) Importer(815301076,1909f56bfc062723c751e8b465ee728b)  -> (artifact id: 'a294a15f24791f40e20716f0fadf739b') in 0.037842 seconds 
  Import took 0.061633 seconds .

========================================================================
Received Import Request.
  Time since last request: 0.000471 seconds.
  path: Assets/Prefabs/Skill2.prefab
  artifactKey: Guid(5a7e73639ac6a5f4687c1f64e7aea768) Importer(815301076,1909f56bfc062723c751e8b465ee728b)
Start importing Assets/Prefabs/Skill2.prefab using Guid(5a7e73639ac6a5f4687c1f64e7aea768) Importer(815301076,1909f56bfc062723c751e8b465ee728b)  -> (artifact id: '86b548e7fa61dbd1347753230437e3df') in 0.057506 seconds 
  Import took 0.072709 seconds .

========================================================================
Received Import Request.
  Time since last request: 0.000347 seconds.
  path: Assets/Prefabs/Water.prefab
  artifactKey: Guid(8fe0e6088fcd0074ca22674e1c7f80d3) Importer(815301076,1909f56bfc062723c751e8b465ee728b)
Start importing Assets/Prefabs/Water.prefab using Guid(8fe0e6088fcd0074ca22674e1c7f80d3) Importer(815301076,1909f56bfc062723c751e8b465ee728b)  -> (artifact id: 'a5829ff8a4d4a48488e1ea2654f40b7b') in 0.031679 seconds 
  Import took 0.059513 seconds .

========================================================================
Received Import Request.
  Time since last request: 0.000416 seconds.
  path: Assets/Prefabs/Damage Popups.prefab
  artifactKey: Guid(c2facef622a75e94788970be3b16759f) Importer(815301076,1909f56bfc062723c751e8b465ee728b)
Start importing Assets/Prefabs/Damage Popups.prefab using Guid(c2facef622a75e94788970be3b16759f) Importer(815301076,1909f56bfc062723c751e8b465ee728b)  -> (artifact id: '9041cdff087f56e7052765534c790da9') in 0.027504 seconds 
  Import took 0.080820 seconds .

========================================================================
Received Import Request.
  Time since last request: 0.000341 seconds.
  path: Assets/Prefabs/blue_crystal_0000.prefab
  artifactKey: Guid(17217110300b6c44cb089f2eb0f4bc32) Importer(815301076,1909f56bfc062723c751e8b465ee728b)
Start importing Assets/Prefabs/blue_crystal_0000.prefab using Guid(17217110300b6c44cb089f2eb0f4bc32) Importer(815301076,1909f56bfc062723c751e8b465ee728b)  -> (artifact id: '162cc61714b6a8039da75417d94e4236') in 0.033895 seconds 
  Import took 0.043277 seconds .

========================================================================
Received Import Request.
  Time since last request: 0.000302 seconds.
  path: Assets/Prefabs/Skill1.prefab
  artifactKey: Guid(9585af171799ba043ba51099fd2413a8) Importer(815301076,1909f56bfc062723c751e8b465ee728b)
Start importing Assets/Prefabs/Skill1.prefab using Guid(9585af171799ba043ba51099fd2413a8) Importer(815301076,1909f56bfc062723c751e8b465ee728b)  -> (artifact id: 'f85b122f5349784ab56221dbc97435b0') in 0.022501 seconds 
  Import took 0.032164 seconds .

========================================================================
Received Import Request.
  Time since last request: 0.000309 seconds.
  path: Assets/Prefabs/FireEFF.prefab
  artifactKey: Guid(f4dab36ee5867cd478228bdf1fb0368d) Importer(815301076,1909f56bfc062723c751e8b465ee728b)
Start importing Assets/Prefabs/FireEFF.prefab using Guid(f4dab36ee5867cd478228bdf1fb0368d) Importer(815301076,1909f56bfc062723c751e8b465ee728b)  -> (artifact id: '4397b8fcbf9e2ec906d390988d7b82a0') in 0.043658 seconds 
  Import took 0.069967 seconds .

========================================================================
Received Import Request.
  Time since last request: 0.000323 seconds.
  path: Assets/Prefabs/Laze 2.prefab
  artifactKey: Guid(938389bda66299e42b2b6f0c501ea7af) Importer(815301076,1909f56bfc062723c751e8b465ee728b)
Start importing Assets/Prefabs/Laze 2.prefab using Guid(938389bda66299e42b2b6f0c501ea7af) Importer(815301076,1909f56bfc062723c751e8b465ee728b)  -> (artifact id: '9a46cfca83e90985a5d81662da0c1184') in 0.024517 seconds 
  Import took 0.032576 seconds .

========================================================================
Received Import Request.
  Time since last request: 0.000794 seconds.
  path: Assets/Prefabs/blue_crystal_0000 1.prefab
  artifactKey: Guid(2b3d794c1c3185f40b4b5b1b4cc6f10f) Importer(815301076,1909f56bfc062723c751e8b465ee728b)
Start importing Assets/Prefabs/blue_crystal_0000 1.prefab using Guid(2b3d794c1c3185f40b4b5b1b4cc6f10f) Importer(815301076,1909f56bfc062723c751e8b465ee728b)  -> (artifact id: 'b0dc28d75140d35c6aad7965d951ffcc') in 0.023013 seconds 
  Import took 0.054013 seconds .

========================================================================
Received Import Request.
  Time since last request: 0.000290 seconds.
  path: Assets/Prefabs/Bomman.prefab
  artifactKey: Guid(dfdfe7aa17d6c974fa3da84addda1d32) Importer(815301076,1909f56bfc062723c751e8b465ee728b)
Start importing Assets/Prefabs/Bomman.prefab using Guid(dfdfe7aa17d6c974fa3da84addda1d32) Importer(815301076,1909f56bfc062723c751e8b465ee728b)  -> (artifact id: '7bc8408f1318041ddb2c08b77d7ec163') in 0.013088 seconds 
  Import took 0.053739 seconds .

========================================================================
Received Prepare
Registering precompiled user dll's ...
Registered in 0.004599 seconds.
Begin MonoManager ReloadAssembly
Native extension for WindowsStandalone target not found
Refreshing native plugins compatible for Editor in 2.09 ms, found 3 plugins.
Preloading 0 native plugins for Editor in 0.00 ms.
Mono: successfully reloaded assembly
- Completed reload, in  3.724 seconds
Domain Reload Profiling:
	ReloadAssembly (3725ms)
		BeginReloadAssembly (264ms)
			ExecutionOrderSort (0ms)
			DisableScriptedObjects (13ms)
			BackupInstance (0ms)
			ReleaseScriptingObjects (0ms)
			CreateAndSetChildDomain (67ms)
		EndReloadAssembly (3303ms)
			LoadAssemblies (372ms)
			RebuildTransferFunctionScriptingTraits (0ms)
			SetupTypeCache (1264ms)
			ReleaseScriptCaches (4ms)
			RebuildScriptCaches (198ms)
			SetupLoadedEditorAssemblies (1105ms)
				LogAssemblyErrors (0ms)
				InitializePlatformSupportModulesInManaged (18ms)
				SetLoadedEditorAssemblies (2ms)
				RefreshPlugins (2ms)
				BeforeProcessingInitializeOnLoad (356ms)
				ProcessInitializeOnLoadAttributes (698ms)
				ProcessInitializeOnLoadMethodAttributes (22ms)
				AfterProcessingInitializeOnLoad (6ms)
				EditorAssembliesLoaded (0ms)
			ExecutionOrderSort2 (0ms)
			AwakeInstancesAfterBackupRestoration (18ms)
Platform modules already initialized, skipping
Refreshing native plugins compatible for Editor in 1.38 ms, found 3 plugins.
Preloading 0 native plugins for Editor in 0.00 ms.
Unloading 3388 Unused Serialized files (Serialized files now loaded: 0)
System memory in use before: 147.4 MB.
System memory in use after: 147.6 MB.

Unloading 19 unused Assets to reduce memory usage. Loaded Objects now: 3912.
Total: 7.247200 ms (FindLiveObjects: 0.528900 ms CreateObjectMapping: 0.372100 ms MarkObjects: 6.280100 ms  DeleteObjects: 0.062400 ms)

AssetImportParameters requested are different than current active one (requested -> active):
  custom:framework-win-MediaFoundation: 216162199b28c13a410421893ffa2e32 -> 
  custom:video-decoder-ogg-theora: a1e56fd34408186e4bbccfd4996cb3dc -> 
  custom:container-muxer-webm: aa71ff27fc2769a1b78a27578f13a17b -> 
  custom:container-demuxer-webm: 4f35f7cbe854078d1ac9338744f61a02 -> 
  custom:container-demuxer-ogg: 62fdf1f143b41e24485cea50d1cbac27 -> 
  custom:video-encoder-webm-vp8: eb34c28f22e8b96e1ab97ce403110664 -> 
  custom:video-decoder-webm-vp8: 9c59270c3fd7afecdb556c50c9e8de78 -> 
  custom:audio-decoder-ogg-vorbis: bf7c407c2cedff20999df2af8eb42d56 -> 
  custom:audio-encoder-webm-vorbis: bf7c407c2cedff20999df2af8eb42d56 -> 
AssetImportWorkerClient::OnTransportError - code=2 error=End of file
